<?xml version="1.0" encoding="UTF-8"?>
<!-- Generated by org.testng.reporters.JUnitXMLReporter -->
<testsuite ignored="0" hostname="TVMATP481687D" failures="1" tests="1" name="Android Test 2" time="42.722" errors="0" timestamp="2020-09-08T09:59:01 IST">
  <testcase classname="wrappers.ProximusWrapper" name="@AfterMethod afterMethod" time="0.0">
    <failure type="java.lang.NullPointerException">
      <![CDATA[java.lang.NullPointerException
at wrappers.ProximusWrapper.afterMethod(ProximusWrapper.java:38)
at java.base/java.util.ArrayList.forEach(ArrayList.java:1540)
... Removed 32 stack frames]]>
    </failure>
  </testcase> <!-- @AfterMethod afterMethod -->
  <testcase classname="testcases.BritishAndroid" name="BritishAirways_Passenger_Details_Scenario" time="0.132">
    <failure type="java.lang.AssertionError" message="Element not displayed
null expected [true] but found [false]">
      <![CDATA[java.lang.AssertionError: Element not displayed
null expected [true] but found [false]
at wrappers.GenericWrappers.verifyElementIsDisplayed(GenericWrappers.java:307)
at pages.HomePage.LaunchApp(HomePage.java:71)
at testcases.BritishAndroid.BritishAirways_Passenger_Details_Scenario(BritishAndroid.java:73)
at java.base/java.util.ArrayList.forEach(ArrayList.java:1540)
... Removed 30 stack frames]]>
    </failure>
  </testcase> <!-- BritishAirways_Passenger_Details_Scenario -->
</testsuite> <!-- Android Test 2 -->
